2023/02/11 18:34:59 [notice] 1#1: using the "epoll" event method
2023/02/11 18:34:59 [notice] 1#1: nginx/1.23.3
2023/02/11 18:34:59 [notice] 1#1: built by gcc 12.2.1 20220924 (Alpine 12.2.1_git20220924-r4) 
2023/02/11 18:34:59 [notice] 1#1: OS: Linux 5.15.65+
2023/02/11 18:34:59 [notice] 1#1: getrlimit(RLIMIT_NOFILE): 1048576:1048576
2023/02/11 18:34:59 [notice] 1#1: start worker processes
2023/02/11 18:34:59 [notice] 1#1: start worker process 19
2023/02/11 18:34:59 [notice] 1#1: start worker process 20
2023/02/11 18:34:59 [notice] 1#1: start worker process 21
2023/02/11 18:34:59 [notice] 1#1: start worker process 22
2023/02/11 18:50:19 [notice] 1#1: signal 3 (SIGQUIT) received, shutting down
2023/02/11 18:50:19 [notice] 20#20: gracefully shutting down
2023/02/11 18:50:19 [notice] 20#20: exiting
2023/02/11 18:50:19 [notice] 20#20: exit
2023/02/11 18:50:19 [notice] 19#19: gracefully shutting down
2023/02/11 18:50:19 [notice] 19#19: exiting
2023/02/11 18:50:19 [notice] 19#19: exit
2023/02/11 18:50:19 [notice] 22#22: gracefully shutting down
2023/02/11 18:50:19 [notice] 21#21: gracefully shutting down
2023/02/11 18:50:19 [notice] 22#22: exiting
2023/02/11 18:50:19 [notice] 21#21: exiting
2023/02/11 18:50:19 [notice] 21#21: exit
2023/02/11 18:50:19 [notice] 22#22: exit
2023/02/11 18:50:19 [notice] 1#1: signal 17 (SIGCHLD) received from 20
2023/02/11 18:50:19 [notice] 1#1: worker process 20 exited with code 0
2023/02/11 18:50:19 [notice] 1#1: signal 29 (SIGIO) received
2023/02/11 18:50:19 [notice] 1#1: signal 17 (SIGCHLD) received from 19
2023/02/11 18:50:19 [notice] 1#1: worker process 19 exited with code 0
2023/02/11 18:50:19 [notice] 1#1: signal 29 (SIGIO) received
2023/02/11 18:50:19 [notice] 1#1: signal 17 (SIGCHLD) received from 21
2023/02/11 18:50:19 [notice] 1#1: worker process 21 exited with code 0
2023/02/11 18:50:19 [notice] 1#1: signal 29 (SIGIO) received
2023/02/11 18:50:19 [notice] 1#1: signal 17 (SIGCHLD) received from 22
2023/02/11 18:50:19 [notice] 1#1: worker process 22 exited with code 0
2023/02/11 18:50:19 [notice] 1#1: exit
2023/02/11 18:51:46 [notice] 1#1: using the "epoll" event method
2023/02/11 18:51:46 [notice] 1#1: nginx/1.23.3
2023/02/11 18:51:46 [notice] 1#1: built by gcc 12.2.1 20220924 (Alpine 12.2.1_git20220924-r4) 
2023/02/11 18:51:46 [notice] 1#1: OS: Linux 5.15.65+
2023/02/11 18:51:46 [notice] 1#1: getrlimit(RLIMIT_NOFILE): 1048576:1048576
2023/02/11 18:51:46 [notice] 1#1: start worker processes
2023/02/11 18:51:46 [notice] 1#1: start worker process 20
2023/02/11 18:51:46 [notice] 1#1: start worker process 21
2023/02/11 18:51:46 [notice] 1#1: start worker process 22
2023/02/11 18:51:46 [notice] 1#1: start worker process 23
